2023-07-06 19:13:09,361 INFO o.a.j.u.JMeterUtils: Setting Locale to en_US
2023-07-06 19:13:09,490 INFO o.a.j.JMeter: Loading user properties from: /usr/bin/apache-jmeter-5.6/bin/user.properties
2023-07-06 19:13:09,491 INFO o.a.j.JMeter: Loading system properties from: /usr/bin/apache-jmeter-5.6/bin/system.properties
2023-07-06 19:13:09,529 INFO o.a.j.JMeter: Copyright (c) 1998-2023 The Apache Software Foundation
2023-07-06 19:13:09,529 INFO o.a.j.JMeter: Version 5.6
2023-07-06 19:13:09,529 INFO o.a.j.JMeter: java.version=17.0.7
2023-07-06 19:13:09,529 INFO o.a.j.JMeter: java.vm.name=Java HotSpot(TM) 64-Bit Server VM
2023-07-06 19:13:09,530 INFO o.a.j.JMeter: os.name=Linux
2023-07-06 19:13:09,530 INFO o.a.j.JMeter: os.arch=amd64
2023-07-06 19:13:09,530 INFO o.a.j.JMeter: os.version=5.15.19
2023-07-06 19:13:09,530 INFO o.a.j.JMeter: file.encoding=UTF-8
2023-07-06 19:13:09,530 INFO o.a.j.JMeter: java.awt.headless=null
2023-07-06 19:13:09,530 INFO o.a.j.JMeter: Max memory     =4196401152
2023-07-06 19:13:09,530 INFO o.a.j.JMeter: Available Processors =12
2023-07-06 19:13:09,604 INFO o.a.j.JMeter: Default Locale=English (United States)
2023-07-06 19:13:09,605 INFO o.a.j.JMeter: JMeter  Locale=English (United States)
2023-07-06 19:13:09,605 INFO o.a.j.JMeter: JMeterHome=/usr/bin/apache-jmeter-5.6
2023-07-06 19:13:09,605 INFO o.a.j.JMeter: user.dir  =/home/rcapelini/projetos/pdi-grafana/prometheus-grafana
2023-07-06 19:13:09,605 INFO o.a.j.JMeter: PWD       =/home/rcapelini/projetos/pdi-grafana/prometheus-grafana
2023-07-06 19:13:09,606 INFO o.a.j.JMeter: IP: 127.0.0.1 Name: thehost.rcapelini.dev FullName: localhost
2023-07-06 19:13:09,661 INFO o.a.j.JMeter: Loaded icon properties from org/apache/jmeter/images/icon.properties
2023-07-06 19:13:10,810 INFO o.a.j.JMeterGuiLauncher: Setting LAF to: com.github.weisj.darklaf.DarkLaf:com.github.weisj.darklaf.theme.DarculaTheme
2023-07-06 19:13:22,813 INFO o.a.j.s.FileServer: Default base='/home/rcapelini/projetos/pdi-grafana/prometheus-grafana'
2023-07-06 19:13:22,816 INFO o.a.j.g.a.Load: Loading file: /run/media/rcapelini/Rodrigo/Estudos/PDI/auth.jmx
2023-07-06 19:13:22,816 INFO o.a.j.s.FileServer: Set new base='/run/media/rcapelini/Rodrigo/Estudos/PDI'
2023-07-06 19:13:23,117 INFO o.a.j.s.SaveService: Testplan (JMX) version: 2.2. Testlog (JTL) version: 2.2
2023-07-06 19:13:23,138 INFO o.a.j.s.SaveService: Using SaveService properties version 5.0
2023-07-06 19:13:23,140 INFO o.a.j.s.SaveService: Using SaveService properties file encoding UTF-8
2023-07-06 19:13:23,141 INFO o.a.j.s.SaveService: Loading file: /run/media/rcapelini/Rodrigo/Estudos/PDI/auth.jmx
2023-07-06 19:13:23,141 WARN o.a.j.g.a.Load: Error reading file. java.io.FileNotFoundException: /run/media/rcapelini/Rodrigo/Estudos/PDI/auth.jmx (No such file or directory)
2023-07-06 19:13:23,141 ERROR o.a.j.u.JMeterUtils: /run/media/rcapelini/Rodrigo/Estudos/PDI/auth.jmx (No such file or directory)
2023-07-06 19:13:44,672 INFO o.a.j.g.a.Load: Loading file: /run/media/rcapelini/Rodrigo/Estudos/PDI/auth.jmx
2023-07-06 19:13:44,672 INFO o.a.j.s.FileServer: Set new base='/run/media/rcapelini/Rodrigo/Estudos/PDI'
2023-07-06 19:13:44,672 INFO o.a.j.s.SaveService: Loading file: /run/media/rcapelini/Rodrigo/Estudos/PDI/auth.jmx
2023-07-06 19:13:44,958 INFO o.a.j.p.h.s.HTTPSamplerBase: Parser for text/html is org.apache.jmeter.protocol.http.parser.LagartoBasedHtmlParser
2023-07-06 19:13:44,959 INFO o.a.j.p.h.s.HTTPSamplerBase: Parser for application/xhtml+xml is org.apache.jmeter.protocol.http.parser.LagartoBasedHtmlParser
2023-07-06 19:13:44,959 INFO o.a.j.p.h.s.HTTPSamplerBase: Parser for application/xml is org.apache.jmeter.protocol.http.parser.LagartoBasedHtmlParser
2023-07-06 19:13:44,959 INFO o.a.j.p.h.s.HTTPSamplerBase: Parser for text/xml is org.apache.jmeter.protocol.http.parser.LagartoBasedHtmlParser
2023-07-06 19:13:44,959 INFO o.a.j.p.h.s.HTTPSamplerBase: Parser for text/vnd.wap.wml is org.apache.jmeter.protocol.http.parser.RegexpHTMLParser
2023-07-06 19:13:44,959 INFO o.a.j.p.h.s.HTTPSamplerBase: Parser for text/css is org.apache.jmeter.protocol.http.parser.CssParser
2023-07-06 19:13:45,137 INFO o.a.j.s.SampleResult: Note: Sample TimeStamps are START times
2023-07-06 19:13:45,137 INFO o.a.j.s.SampleResult: sampleresult.default.encoding is set to ISO-8859-1
2023-07-06 19:13:45,138 INFO o.a.j.s.SampleResult: sampleresult.useNanoTime=true
2023-07-06 19:13:45,138 INFO o.a.j.s.SampleResult: sampleresult.nanoThreadSleep=5000
2023-07-06 19:13:45,362 ERROR o.a.j.v.ViewResultsFullVisualizer: Exception registering implementation: [org.apache.jmeter.visualizers.RenderInBrowser] of interface: [interface org.apache.jmeter.visualizers.ResultRenderer], a jar is probably missing
java.util.ServiceConfigurationError: org.apache.jmeter.visualizers.ResultRenderer: org.apache.jmeter.visualizers.RenderInBrowser Unable to get public no-arg constructor
	at java.util.ServiceLoader.fail(ServiceLoader.java:586) ~[?:?]
	at java.util.ServiceLoader.getConstructor(ServiceLoader.java:679) ~[?:?]
	at java.util.ServiceLoader$LazyClassPathLookupIterator.hasNextService(ServiceLoader.java:1240) ~[?:?]
	at java.util.ServiceLoader$LazyClassPathLookupIterator.hasNext(ServiceLoader.java:1273) ~[?:?]
	at java.util.ServiceLoader$2.hasNext(ServiceLoader.java:1309) ~[?:?]
	at java.util.ServiceLoader$3.hasNext(ServiceLoader.java:1393) ~[?:?]
	at org.apache.jorphan.reflect.ClassFinder.loadServices(ClassFinder.java:115) ~[jorphan.jar:5.6]
	at org.apache.jmeter.util.JMeterUtils.loadServicesAndScanJars(JMeterUtils.java:345) ~[ApacheJMeter_core.jar:5.6]
	at org.apache.jmeter.visualizers.ViewResultsFullVisualizer.createComboRender(ViewResultsFullVisualizer.java:464) ~[ApacheJMeter_components.jar:5.6]
	at org.apache.jmeter.visualizers.ViewResultsFullVisualizer.createLeftPanel(ViewResultsFullVisualizer.java:438) ~[ApacheJMeter_components.jar:5.6]
	at org.apache.jmeter.visualizers.ViewResultsFullVisualizer.init(ViewResultsFullVisualizer.java:349) ~[ApacheJMeter_components.jar:5.6]
	at org.apache.jmeter.visualizers.ViewResultsFullVisualizer.<init>(ViewResultsFullVisualizer.java:156) ~[ApacheJMeter_components.jar:5.6]
	at jdk.internal.reflect.NativeConstructorAccessorImpl.newInstance0(Native Method) ~[?:?]
	at jdk.internal.reflect.NativeConstructorAccessorImpl.newInstance(NativeConstructorAccessorImpl.java:77) ~[?:?]
	at jdk.internal.reflect.DelegatingConstructorAccessorImpl.newInstance(DelegatingConstructorAccessorImpl.java:45) ~[?:?]
	at java.lang.reflect.Constructor.newInstanceWithCaller(Constructor.java:499) ~[?:?]
	at java.lang.reflect.Constructor.newInstance(Constructor.java:480) ~[?:?]
	at org.apache.jmeter.gui.GuiPackage.getGuiFromCache(GuiPackage.java:424) ~[ApacheJMeter_core.jar:5.6]
	at org.apache.jmeter.gui.GuiPackage.getGui(GuiPackage.java:267) ~[ApacheJMeter_core.jar:5.6]
	at org.apache.jmeter.gui.GuiPackage.getGui(GuiPackage.java:238) ~[ApacheJMeter_core.jar:5.6]
	at org.apache.jmeter.gui.tree.JMeterTreeModel.addComponent(JMeterTreeModel.java:160) ~[ApacheJMeter_core.jar:5.6]
	at org.apache.jmeter.gui.tree.JMeterTreeModel.addSubTree(JMeterTreeModel.java:131) ~[ApacheJMeter_core.jar:5.6]
	at org.apache.jmeter.gui.tree.JMeterTreeModel.addSubTree(JMeterTreeModel.java:123) ~[ApacheJMeter_core.jar:5.6]
	at org.apache.jmeter.gui.GuiPackage.addSubTree(GuiPackage.java:555) ~[ApacheJMeter_core.jar:5.6]
	at org.apache.jmeter.gui.action.Load.insertLoadedTree(Load.java:201) ~[ApacheJMeter_core.jar:5.6]
	at org.apache.jmeter.gui.action.Load.loadProjectFile(Load.java:132) ~[ApacheJMeter_core.jar:5.6]
	at org.apache.jmeter.gui.action.Load.loadProjectFile(Load.java:103) ~[ApacheJMeter_core.jar:5.6]
	at org.apache.jmeter.gui.action.LoadRecentProject.doActionAfterCheck(LoadRecentProject.java:74) ~[ApacheJMeter_core.jar:5.6]
	at org.apache.jmeter.gui.action.AbstractActionWithNoRunningTest.doAction(AbstractActionWithNoRunningTest.java:44) ~[ApacheJMeter_core.jar:5.6]
	at org.apache.jmeter.gui.action.ActionRouter.performAction(ActionRouter.java:83) ~[ApacheJMeter_core.jar:5.6]
	at org.apache.jmeter.gui.action.ActionRouter.lambda$actionPerformed$0(ActionRouter.java:65) ~[ApacheJMeter_core.jar:5.6]
	at java.awt.event.InvocationEvent.dispatch(InvocationEvent.java:318) ~[?:?]
	at java.awt.EventQueue.dispatchEventImpl(EventQueue.java:771) ~[?:?]
	at java.awt.EventQueue$4.run(EventQueue.java:722) ~[?:?]
	at java.awt.EventQueue$4.run(EventQueue.java:716) ~[?:?]
	at java.security.AccessController.doPrivileged(AccessController.java:399) [?:?]
	at java.security.ProtectionDomain$JavaSecurityAccessImpl.doIntersectionPrivilege(ProtectionDomain.java:86) [?:?]
	at java.awt.EventQueue.dispatchEvent(EventQueue.java:741) [?:?]
	at java.awt.EventDispatchThread.pumpOneEventForFilters(EventDispatchThread.java:203) [?:?]
	at java.awt.EventDispatchThread.pumpEventsForFilter(EventDispatchThread.java:124) [?:?]
	at java.awt.EventDispatchThread.pumpEventsForHierarchy(EventDispatchThread.java:113) [?:?]
	at java.awt.EventDispatchThread.pumpEvents(EventDispatchThread.java:109) [?:?]
	at java.awt.EventDispatchThread.pumpEvents(EventDispatchThread.java:101) [?:?]
	at java.awt.EventDispatchThread.run(EventDispatchThread.java:90) [?:?]
Caused by: java.lang.NoClassDefFoundError: javafx/scene/Parent
	at java.lang.Class.getDeclaredConstructors0(Native Method) ~[?:?]
	at java.lang.Class.privateGetDeclaredConstructors(Class.java:3373) ~[?:?]
	at java.lang.Class.getConstructor0(Class.java:3578) ~[?:?]
	at java.lang.Class.getConstructor(Class.java:2271) ~[?:?]
	at java.util.ServiceLoader$1.run(ServiceLoader.java:666) ~[?:?]
	at java.util.ServiceLoader$1.run(ServiceLoader.java:663) ~[?:?]
	at java.security.AccessController.doPrivileged(AccessController.java:569) [?:?]
	at java.util.ServiceLoader.getConstructor(ServiceLoader.java:674) ~[?:?]
	... 42 more
Caused by: java.lang.ClassNotFoundException: javafx.scene.Parent
	at java.net.URLClassLoader.findClass(URLClassLoader.java:445) ~[?:?]
	at java.lang.ClassLoader.loadClass(ClassLoader.java:587) ~[?:?]
	at java.lang.ClassLoader.loadClass(ClassLoader.java:520) ~[?:?]
	at java.lang.Class.getDeclaredConstructors0(Native Method) ~[?:?]
	at java.lang.Class.privateGetDeclaredConstructors(Class.java:3373) ~[?:?]
	at java.lang.Class.getConstructor0(Class.java:3578) ~[?:?]
	at java.lang.Class.getConstructor(Class.java:2271) ~[?:?]
	at java.util.ServiceLoader$1.run(ServiceLoader.java:666) ~[?:?]
	at java.util.ServiceLoader$1.run(ServiceLoader.java:663) ~[?:?]
	at java.security.AccessController.doPrivileged(AccessController.java:569) ~[?:?]
	at java.util.ServiceLoader.getConstructor(ServiceLoader.java:674) ~[?:?]
	... 42 more
2023-07-06 19:13:45,551 INFO o.a.j.s.FileServer: Set new base='/run/media/rcapelini/Rodrigo/Estudos/PDI'
2023-07-06 19:13:52,406 INFO o.a.j.e.StandardJMeterEngine: Running the test!
2023-07-06 19:13:52,408 INFO o.a.j.s.SampleEvent: List of sample_variables: []
2023-07-06 19:13:52,408 INFO o.a.j.s.SampleEvent: List of sample_variables: []
2023-07-06 19:13:52,410 INFO o.a.j.e.u.CompoundVariable: Note: Function class names must contain the string: '.functions.'
2023-07-06 19:13:52,410 INFO o.a.j.e.u.CompoundVariable: Note: Function class names must not contain the string: '.gui.'
2023-07-06 19:13:52,623 INFO o.a.j.g.u.JMeterMenuBar: setRunning(true, *local*)
2023-07-06 19:13:52,679 INFO o.a.j.e.StandardJMeterEngine: Starting ThreadGroup: 1 : Authentication
2023-07-06 19:13:52,680 INFO o.a.j.e.StandardJMeterEngine: Starting 1 threads for group Authentication.
2023-07-06 19:13:52,680 INFO o.a.j.e.StandardJMeterEngine: Thread will continue on error
2023-07-06 19:13:52,680 INFO o.a.j.t.ThreadGroup: Starting thread group... number=1 threads=1 ramp-up=60 delayedStart=false
2023-07-06 19:13:52,683 INFO o.a.j.t.ThreadGroup: Started thread group number 1
2023-07-06 19:13:52,683 INFO o.a.j.e.StandardJMeterEngine: All thread groups have been started
2023-07-06 19:13:52,685 INFO o.a.j.t.JMeterThread: Thread started: Authentication 1-1
2023-07-06 19:13:55,757 INFO o.a.j.p.h.s.HTTPHCAbstractImpl: Local host = thehost.rcapelini.dev
2023-07-06 19:13:55,763 INFO o.a.j.p.h.s.HTTPHC4Impl: HTTP request retry count = 0
2023-07-06 19:33:51,960 INFO o.a.j.g.a.Start: Stopping test
2023-07-06 19:33:51,967 INFO o.a.j.t.JMeterThread: Stopping: Authentication 1-1
2023-07-06 19:33:51,968 WARN o.a.j.t.JMeterThread: The delay timer was interrupted - probably did not wait as long as intended.
2023-07-06 19:33:51,968 INFO o.a.j.t.JMeterThread: Thread finished: Authentication 1-1
2023-07-06 19:33:51,969 INFO o.a.j.e.StandardJMeterEngine: Notifying test listeners of end of test
2023-07-06 19:33:51,970 INFO o.a.j.g.u.JMeterMenuBar: setRunning(false, *local*)
